#! /usr/bin/vvp
:ivl_version "11.0 (stable)";
:ivl_delay_selection "TYPICAL";
:vpi_time_precision - 12;
:vpi_module "/usr/lib/x86_64-linux-gnu/ivl/system.vpi";
:vpi_module "/usr/lib/x86_64-linux-gnu/ivl/vhdl_sys.vpi";
:vpi_module "/usr/lib/x86_64-linux-gnu/ivl/vhdl_textio.vpi";
:vpi_module "/usr/lib/x86_64-linux-gnu/ivl/v2005_math.vpi";
:vpi_module "/usr/lib/x86_64-linux-gnu/ivl/va_math.vpi";
S_0x588786f25bf0 .scope module, "test_and" "test_and" 2 3;
 .timescale -12 -12;
v0x588786f389b0_0 .var "a", 0 0;
v0x588786f38a80_0 .var "b", 0 0;
v0x588786f38b50_0 .net "y", 0 0, L_0x588786f38c50;  1 drivers
S_0x588786f25d80 .scope module, "and01" "my_and" 2 8, 3 1 0, S_0x588786f25bf0;
 .timescale 0 0;
    .port_info 0 /INPUT 1 "in_a";
    .port_info 1 /INPUT 1 "in_b";
    .port_info 2 /OUTPUT 1 "out";
L_0x588786f38c50 .functor AND 1, v0x588786f389b0_0, v0x588786f38a80_0, C4<1>, C4<1>;
v0x588786eeeba0_0 .net "in_a", 0 0, v0x588786f389b0_0;  1 drivers
v0x588786f387d0_0 .net "in_b", 0 0, v0x588786f38a80_0;  1 drivers
v0x588786f38890_0 .net "out", 0 0, L_0x588786f38c50;  alias, 1 drivers
    .scope S_0x588786f25bf0;
T_0 ;
    %vpi_call 2 12 "$dumpfile", "and.vcd" {0 0 0};
    %vpi_call 2 13 "$dumpvars", 32'sb00000000000000000000000000000001 {0 0 0};
    %vpi_call 2 14 "$display", "Time  a  b  y" {0 0 0};
    %vpi_call 2 15 "$monitor", "%4d  %b  %b  %b", $time, v0x588786f389b0_0, v0x588786f38a80_0, v0x588786f38b50_0 {0 0 0};
    %pushi/vec4 0, 0, 1;
    %store/vec4 v0x588786f389b0_0, 0, 1;
    %pushi/vec4 0, 0, 1;
    %store/vec4 v0x588786f38a80_0, 0, 1;
    %delay 5, 0;
    %pushi/vec4 0, 0, 1;
    %store/vec4 v0x588786f389b0_0, 0, 1;
    %pushi/vec4 1, 0, 1;
    %store/vec4 v0x588786f38a80_0, 0, 1;
    %delay 5, 0;
    %pushi/vec4 1, 0, 1;
    %store/vec4 v0x588786f389b0_0, 0, 1;
    %pushi/vec4 0, 0, 1;
    %store/vec4 v0x588786f38a80_0, 0, 1;
    %delay 5, 0;
    %pushi/vec4 1, 0, 1;
    %store/vec4 v0x588786f389b0_0, 0, 1;
    %pushi/vec4 1, 0, 1;
    %store/vec4 v0x588786f38a80_0, 0, 1;
    %delay 5, 0;
    %pushi/vec4 0, 0, 1;
    %store/vec4 v0x588786f389b0_0, 0, 1;
    %pushi/vec4 0, 0, 1;
    %store/vec4 v0x588786f38a80_0, 0, 1;
    %end;
    .thread T_0;
# The file index is used to find the file name in the following table.
:file_names 4;
    "N/A";
    "<interactive>";
    "and_tb.v";
    "and.v";
