#! /usr/bin/vvp
:ivl_version "12.0 (stable)";
:ivl_delay_selection "TYPICAL";
:vpi_time_precision - 12;
:vpi_module "/usr/lib/x86_64-linux-gnu/ivl/system.vpi";
:vpi_module "/usr/lib/x86_64-linux-gnu/ivl/vhdl_sys.vpi";
:vpi_module "/usr/lib/x86_64-linux-gnu/ivl/vhdl_textio.vpi";
:vpi_module "/usr/lib/x86_64-linux-gnu/ivl/v2005_math.vpi";
:vpi_module "/usr/lib/x86_64-linux-gnu/ivl/va_math.vpi";
S_0x5878378586c0 .scope module, "test" "test" 2 3;
 .timescale -12 -12;
v0x58783787d680_0 .var "a", 0 0;
v0x58783787d720_0 .net "y", 0 0, L_0x58783787d7f0;  1 drivers
S_0x58783786c230 .scope module, "inv01" "inverter_top" 2 7, 3 1 0, S_0x5878378586c0;
 .timescale 0 0;
    .port_info 0 /INPUT 1 "in";
    .port_info 1 /OUTPUT 1 "out";
L_0x58783787d7f0 .functor NOT 1, v0x58783787d680_0, C4<0>, C4<0>, C4<0>;
v0x58783786c410_0 .net "in", 0 0, v0x58783787d680_0;  1 drivers
v0x58783787d560_0 .net "out", 0 0, L_0x58783787d7f0;  alias, 1 drivers
    .scope S_0x5878378586c0;
T_0 ;
    %vpi_call 2 11 "$dumpfile", "inverter.vcd" {0 0 0};
    %vpi_call 2 12 "$dumpvars", 32'sb00000000000000000000000000000001 {0 0 0};
    %vpi_call 2 13 "$display", "Time  a  y" {0 0 0};
    %vpi_call 2 14 "$monitor", "%4d  %b  %b", $time, v0x58783787d680_0, v0x58783787d720_0 {0 0 0};
    %pushi/vec4 0, 0, 1;
    %store/vec4 v0x58783787d680_0, 0, 1;
    %delay 5, 0;
    %pushi/vec4 1, 0, 1;
    %store/vec4 v0x58783787d680_0, 0, 1;
    %delay 5, 0;
    %pushi/vec4 0, 0, 1;
    %store/vec4 v0x58783787d680_0, 0, 1;
    %delay 5, 0;
    %pushi/vec4 1, 0, 1;
    %store/vec4 v0x58783787d680_0, 0, 1;
    %delay 5, 0;
    %pushi/vec4 0, 0, 1;
    %store/vec4 v0x58783787d680_0, 0, 1;
    %end;
    .thread T_0;
# The file index is used to find the file name in the following table.
:file_names 4;
    "N/A";
    "<interactive>";
    "inverter_tb.v";
    "inverter.v";
