#! /usr/bin/vvp
:ivl_version "11.0 (stable)";
:ivl_delay_selection "TYPICAL";
:vpi_time_precision - 12;
:vpi_module "/usr/lib/x86_64-linux-gnu/ivl/system.vpi";
:vpi_module "/usr/lib/x86_64-linux-gnu/ivl/vhdl_sys.vpi";
:vpi_module "/usr/lib/x86_64-linux-gnu/ivl/vhdl_textio.vpi";
:vpi_module "/usr/lib/x86_64-linux-gnu/ivl/v2005_math.vpi";
:vpi_module "/usr/lib/x86_64-linux-gnu/ivl/va_math.vpi";
S_0x61f58528be00 .scope module, "test_inverter" "test_inverter" 2 3;
 .timescale -12 -12;
v0x61f5852b0980_0 .var "a", 0 0;
v0x61f5852b0a20_0 .net "y", 0 0, L_0x61f5852b0af0;  1 drivers
S_0x61f58529eab0 .scope module, "inv01" "inverter_top" 2 7, 3 1 0, S_0x61f58528be00;
 .timescale 0 0;
    .port_info 0 /INPUT 1 "in";
    .port_info 1 /OUTPUT 1 "out";
L_0x61f5852b0af0 .functor NOT 1, v0x61f5852b0980_0, C4<0>, C4<0>, C4<0>;
v0x61f585267ba0_0 .net "in", 0 0, v0x61f5852b0980_0;  1 drivers
v0x61f5852b0860_0 .net "out", 0 0, L_0x61f5852b0af0;  alias, 1 drivers
    .scope S_0x61f58528be00;
T_0 ;
    %vpi_call 2 10 "$display", "Starting the simulation" {0 0 0};
    %pushi/vec4 0, 0, 1;
    %store/vec4 v0x61f5852b0980_0, 0, 1;
    %delay 5, 0;
    %pushi/vec4 1, 0, 1;
    %store/vec4 v0x61f5852b0980_0, 0, 1;
    %delay 5, 0;
    %pushi/vec4 0, 0, 1;
    %store/vec4 v0x61f5852b0980_0, 0, 1;
    %delay 5, 0;
    %pushi/vec4 1, 0, 1;
    %store/vec4 v0x61f5852b0980_0, 0, 1;
    %delay 5, 0;
    %pushi/vec4 0, 0, 1;
    %store/vec4 v0x61f5852b0980_0, 0, 1;
    %end;
    .thread T_0;
    .scope S_0x61f58528be00;
T_1 ;
    %vpi_call 2 20 "$dumpfile", "inverter.vcd" {0 0 0};
    %vpi_call 2 21 "$dumpvars" {0 0 0};
    %vpi_call 2 22 "$display", "Time  a  y" {0 0 0};
    %vpi_call 2 23 "$monitor", "%4d  %b  %b", $time, v0x61f5852b0980_0, v0x61f5852b0a20_0 {0 0 0};
    %end;
    .thread T_1;
# The file index is used to find the file name in the following table.
:file_names 4;
    "N/A";
    "<interactive>";
    "inverter_tb.v";
    "inverter.v";
